This file contains any messages produced by compilers while
running configure, to aid debugging if configure makes a mistake.

It was created by 4G-PIDAPP configure 1.0, which was
generated by GNU Autoconf 2.69.  Invocation command line was

  $ ./configure 

## --------- ##
## Platform. ##
## --------- ##

hostname = a123-VirtualBox
uname -m = x86_64
uname -r = 4.15.0-120-generic
uname -s = Linux
uname -v = #122~16.04.1-Ubuntu SMP Wed Sep 30 15:09:00 UTC 2020

/usr/bin/uname -p = unknown
/bin/uname -X     = unknown

/bin/arch              = unknown
/usr/bin/arch -k       = unknown
/usr/convex/getsysinfo = unknown
/usr/bin/hostinfo      = unknown
/bin/machine           = unknown
/usr/bin/oslevel       = unknown
/bin/universe          = unknown

PATH: /home/a123/bin
PATH: /home/a123/.local/bin
PATH: /usr/local/sbin
PATH: /usr/local/bin
PATH: /usr/sbin
PATH: /usr/bin
PATH: /sbin
PATH: /bin
PATH: /usr/games
PATH: /usr/local/games
PATH: /usr/local/arm/gcc-linaro-4.9.4-2017.01-x86_64_arm-linux-gnueabihf/bin
PATH: /snap/bin
PATH: /usr/local/arm/gcc-linaro-4.9.4-2017.01-x86_64_arm-linux-gnueabihf/bin


## ----------- ##
## Core tests. ##
## ----------- ##

configure:2250: checking for a BSD-compatible install
configure:2318: result: /usr/bin/install -c
configure:2329: checking whether build environment is sane
configure:2384: result: yes
configure:2535: checking for a thread-safe mkdir -p
configure:2574: result: /bin/mkdir -p
configure:2581: checking for gawk
configure:2611: result: no
configure:2581: checking for mawk
configure:2597: found /usr/bin/mawk
configure:2608: result: mawk
configure:2619: checking whether make sets $(MAKE)
configure:2641: result: yes
configure:2670: checking whether make supports nested variables
configure:2687: result: yes
configure:2863: checking for gcc
configure:2879: found /usr/bin/gcc
configure:2890: result: gcc
configure:3119: checking for C compiler version
configure:3128: gcc --version >&5
gcc (Ubuntu 5.4.0-6ubuntu1~16.04.12) 5.4.0 20160609
Copyright (C) 2015 Free Software Foundation, Inc.
This is free software; see the source for copying conditions.  There is NO
warranty; not even for MERCHANTABILITY or FITNESS FOR A PARTICULAR PURPOSE.

configure:3139: $? = 0
configure:3128: gcc -v >&5
Using built-in specs.
COLLECT_GCC=gcc
COLLECT_LTO_WRAPPER=/usr/lib/gcc/x86_64-linux-gnu/5/lto-wrapper
Target: x86_64-linux-gnu
Configured with: ../src/configure -v --with-pkgversion='Ubuntu 5.4.0-6ubuntu1~16.04.12' --with-bugurl=file:///usr/share/doc/gcc-5/README.Bugs --enable-languages=c,ada,c++,java,go,d,fortran,objc,obj-c++ --prefix=/usr --program-suffix=-5 --enable-shared --enable-linker-build-id --libexecdir=/usr/lib --without-included-gettext --enable-threads=posix --libdir=/usr/lib --enable-nls --with-sysroot=/ --enable-clocale=gnu --enable-libstdcxx-debug --enable-libstdcxx-time=yes --with-default-libstdcxx-abi=new --enable-gnu-unique-object --disable-vtable-verify --enable-libmpx --enable-plugin --with-system-zlib --disable-browser-plugin --enable-java-awt=gtk --enable-gtk-cairo --with-java-home=/usr/lib/jvm/java-1.5.0-gcj-5-amd64/jre --enable-java-home --with-jvm-root-dir=/usr/lib/jvm/java-1.5.0-gcj-5-amd64 --with-jvm-jar-dir=/usr/lib/jvm-exports/java-1.5.0-gcj-5-amd64 --with-arch-directory=amd64 --with-ecj-jar=/usr/share/java/eclipse-ecj.jar --enable-objc-gc --enable-multiarch --disable-werror --with-arch-32=i686 --with-abi=m64 --with-multilib-list=m32,m64,mx32 --enable-multilib --with-tune=generic --enable-checking=release --build=x86_64-linux-gnu --host=x86_64-linux-gnu --target=x86_64-linux-gnu
Thread model: posix
gcc version 5.4.0 20160609 (Ubuntu 5.4.0-6ubuntu1~16.04.12) 
configure:3139: $? = 0
configure:3128: gcc -V >&5
gcc: error: unrecognized command line option '-V'
gcc: fatal error: no input files
compilation terminated.
configure:3139: $? = 1
configure:3128: gcc -qversion >&5
gcc: error: unrecognized command line option '-qversion'
gcc: fatal error: no input files
compilation terminated.
configure:3139: $? = 1
configure:3159: checking whether the C compiler works
configure:3181: gcc    conftest.c  >&5
configure:3185: $? = 0
configure:3233: result: yes
configure:3236: checking for C compiler default output file name
configure:3238: result: a.out
configure:3244: checking for suffix of executables
configure:3251: gcc -o conftest    conftest.c  >&5
configure:3255: $? = 0
configure:3277: result: 
configure:3299: checking whether we are cross compiling
configure:3307: gcc -o conftest    conftest.c  >&5
configure:3311: $? = 0
configure:3318: ./conftest
configure:3322: $? = 0
configure:3337: result: no
configure:3342: checking for suffix of object files
configure:3364: gcc -c   conftest.c >&5
configure:3368: $? = 0
configure:3389: result: o
configure:3393: checking whether we are using the GNU C compiler
configure:3412: gcc -c   conftest.c >&5
configure:3412: $? = 0
configure:3421: result: yes
configure:3430: checking whether gcc accepts -g
configure:3450: gcc -c -g  conftest.c >&5
configure:3450: $? = 0
configure:3491: result: yes
configure:3508: checking for gcc option to accept ISO C89
configure:3571: gcc  -c -g -O2  conftest.c >&5
configure:3571: $? = 0
configure:3584: result: none needed
configure:3609: checking whether gcc understands -c and -o together
configure:3631: gcc -c conftest.c -o conftest2.o
configure:3634: $? = 0
configure:3631: gcc -c conftest.c -o conftest2.o
configure:3634: $? = 0
configure:3646: result: yes
configure:3674: checking for style of include used by make
configure:3702: result: GNU
configure:3728: checking dependency style of gcc
configure:3839: result: gcc3
configure:3897: checking for ranlib
configure:3913: found /usr/bin/ranlib
configure:3924: result: ranlib
configure:3956: checking how to run the C preprocessor
configure:3987: gcc -E  conftest.c
configure:3987: $? = 0
configure:4001: gcc -E  conftest.c
conftest.c:11:28: fatal error: ac_nonexistent.h: No such file or directory
compilation terminated.
configure:4001: $? = 1
configure: failed program was:
| /* confdefs.h */
| #define PACKAGE_NAME "4G-PIDAPP"
| #define PACKAGE_TARNAME "4g-pidapp"
| #define PACKAGE_VERSION "1.0"
| #define PACKAGE_STRING "4G-PIDAPP 1.0"
| #define PACKAGE_BUGREPORT ""
| #define PACKAGE_URL ""
| #define PACKAGE "4g-pidapp"
| #define VERSION "1.0"
| /* end confdefs.h.  */
| #include <ac_nonexistent.h>
configure:4026: result: gcc -E
configure:4046: gcc -E  conftest.c
configure:4046: $? = 0
configure:4060: gcc -E  conftest.c
conftest.c:11:28: fatal error: ac_nonexistent.h: No such file or directory
compilation terminated.
configure:4060: $? = 1
configure: failed program was:
| /* confdefs.h */
| #define PACKAGE_NAME "4G-PIDAPP"
| #define PACKAGE_TARNAME "4g-pidapp"
| #define PACKAGE_VERSION "1.0"
| #define PACKAGE_STRING "4G-PIDAPP 1.0"
| #define PACKAGE_BUGREPORT ""
| #define PACKAGE_URL ""
| #define PACKAGE "4g-pidapp"
| #define VERSION "1.0"
| /* end confdefs.h.  */
| #include <ac_nonexistent.h>
configure:4089: checking for grep that handles long lines and -e
configure:4147: result: /bin/grep
configure:4152: checking for egrep
configure:4214: result: /bin/grep -E
configure:4219: checking for ANSI C header files
configure:4239: gcc -c -g -O2  conftest.c >&5
configure:4239: $? = 0
configure:4312: gcc -o conftest -g -O2   conftest.c  >&5
configure:4312: $? = 0
configure:4312: ./conftest
configure:4312: $? = 0
configure:4323: result: yes
configure:4336: checking for sys/types.h
configure:4336: gcc -c -g -O2  conftest.c >&5
configure:4336: $? = 0
configure:4336: result: yes
configure:4336: checking for sys/stat.h
configure:4336: gcc -c -g -O2  conftest.c >&5
configure:4336: $? = 0
configure:4336: result: yes
configure:4336: checking for stdlib.h
configure:4336: gcc -c -g -O2  conftest.c >&5
configure:4336: $? = 0
configure:4336: result: yes
configure:4336: checking for string.h
configure:4336: gcc -c -g -O2  conftest.c >&5
configure:4336: $? = 0
configure:4336: result: yes
configure:4336: checking for memory.h
configure:4336: gcc -c -g -O2  conftest.c >&5
configure:4336: $? = 0
configure:4336: result: yes
configure:4336: checking for strings.h
configure:4336: gcc -c -g -O2  conftest.c >&5
configure:4336: $? = 0
configure:4336: result: yes
configure:4336: checking for inttypes.h
configure:4336: gcc -c -g -O2  conftest.c >&5
configure:4336: $? = 0
configure:4336: result: yes
configure:4336: checking for stdint.h
configure:4336: gcc -c -g -O2  conftest.c >&5
configure:4336: $? = 0
configure:4336: result: yes
configure:4336: checking for unistd.h
configure:4336: gcc -c -g -O2  conftest.c >&5
configure:4336: $? = 0
configure:4336: result: yes
configure:4351: checking fcntl.h usability
configure:4351: gcc -c -g -O2  conftest.c >&5
configure:4351: $? = 0
configure:4351: result: yes
configure:4351: checking fcntl.h presence
configure:4351: gcc -E  conftest.c
configure:4351: $? = 0
configure:4351: result: yes
configure:4351: checking for fcntl.h
configure:4351: result: yes
configure:4351: checking for stdlib.h
configure:4351: result: yes
configure:4351: checking for string.h
configure:4351: result: yes
configure:4351: checking termios.h usability
configure:4351: gcc -c -g -O2  conftest.c >&5
configure:4351: $? = 0
configure:4351: result: yes
configure:4351: checking termios.h presence
configure:4351: gcc -E  conftest.c
configure:4351: $? = 0
configure:4351: result: yes
configure:4351: checking for termios.h
configure:4351: result: yes
configure:4351: checking for unistd.h
configure:4351: result: yes
configure:4363: checking for stdbool.h that conforms to C99
configure:4430: gcc -c -g -O2  conftest.c >&5
configure:4430: $? = 0
configure:4437: result: yes
configure:4439: checking for _Bool
configure:4439: gcc -c -g -O2  conftest.c >&5
configure:4439: $? = 0
configure:4439: gcc -c -g -O2  conftest.c >&5
conftest.c: In function 'main':
conftest.c:62:20: error: expected expression before ')' token
 if (sizeof ((_Bool)))
                    ^
configure:4439: $? = 1
configure: failed program was:
| /* confdefs.h */
| #define PACKAGE_NAME "4G-PIDAPP"
| #define PACKAGE_TARNAME "4g-pidapp"
| #define PACKAGE_VERSION "1.0"
| #define PACKAGE_STRING "4G-PIDAPP 1.0"
| #define PACKAGE_BUGREPORT ""
| #define PACKAGE_URL ""
| #define PACKAGE "4g-pidapp"
| #define VERSION "1.0"
| #define STDC_HEADERS 1
| #define HAVE_SYS_TYPES_H 1
| #define HAVE_SYS_STAT_H 1
| #define HAVE_STDLIB_H 1
| #define HAVE_STRING_H 1
| #define HAVE_MEMORY_H 1
| #define HAVE_STRINGS_H 1
| #define HAVE_INTTYPES_H 1
| #define HAVE_STDINT_H 1
| #define HAVE_UNISTD_H 1
| #define HAVE_FCNTL_H 1
| #define HAVE_STDLIB_H 1
| #define HAVE_STRING_H 1
| #define HAVE_TERMIOS_H 1
| #define HAVE_UNISTD_H 1
| /* end confdefs.h.  */
| #include <stdio.h>
| #ifdef HAVE_SYS_TYPES_H
| # include <sys/types.h>
| #endif
| #ifdef HAVE_SYS_STAT_H
| # include <sys/stat.h>
| #endif
| #ifdef STDC_HEADERS
| # include <stdlib.h>
| # include <stddef.h>
| #else
| # ifdef HAVE_STDLIB_H
| #  include <stdlib.h>
| # endif
| #endif
| #ifdef HAVE_STRING_H
| # if !defined STDC_HEADERS && defined HAVE_MEMORY_H
| #  include <memory.h>
| # endif
| # include <string.h>
| #endif
| #ifdef HAVE_STRINGS_H
| # include <strings.h>
| #endif
| #ifdef HAVE_INTTYPES_H
| # include <inttypes.h>
| #endif
| #ifdef HAVE_STDINT_H
| # include <stdint.h>
| #endif
| #ifdef HAVE_UNISTD_H
| # include <unistd.h>
| #endif
| int
| main ()
| {
| if (sizeof ((_Bool)))
| 	    return 0;
|   ;
|   return 0;
| }
configure:4439: result: yes
configure:4450: checking for mode_t
configure:4450: gcc -c -g -O2  conftest.c >&5
configure:4450: $? = 0
configure:4450: gcc -c -g -O2  conftest.c >&5
conftest.c: In function 'main':
conftest.c:63:21: error: expected expression before ')' token
 if (sizeof ((mode_t)))
                     ^
configure:4450: $? = 1
configure: failed program was:
| /* confdefs.h */
| #define PACKAGE_NAME "4G-PIDAPP"
| #define PACKAGE_TARNAME "4g-pidapp"
| #define PACKAGE_VERSION "1.0"
| #define PACKAGE_STRING "4G-PIDAPP 1.0"
| #define PACKAGE_BUGREPORT ""
| #define PACKAGE_URL ""
| #define PACKAGE "4g-pidapp"
| #define VERSION "1.0"
| #define STDC_HEADERS 1
| #define HAVE_SYS_TYPES_H 1
| #define HAVE_SYS_STAT_H 1
| #define HAVE_STDLIB_H 1
| #define HAVE_STRING_H 1
| #define HAVE_MEMORY_H 1
| #define HAVE_STRINGS_H 1
| #define HAVE_INTTYPES_H 1
| #define HAVE_STDINT_H 1
| #define HAVE_UNISTD_H 1
| #define HAVE_FCNTL_H 1
| #define HAVE_STDLIB_H 1
| #define HAVE_STRING_H 1
| #define HAVE_TERMIOS_H 1
| #define HAVE_UNISTD_H 1
| #define HAVE__BOOL 1
| /* end confdefs.h.  */
| #include <stdio.h>
| #ifdef HAVE_SYS_TYPES_H
| # include <sys/types.h>
| #endif
| #ifdef HAVE_SYS_STAT_H
| # include <sys/stat.h>
| #endif
| #ifdef STDC_HEADERS
| # include <stdlib.h>
| # include <stddef.h>
| #else
| # ifdef HAVE_STDLIB_H
| #  include <stdlib.h>
| # endif
| #endif
| #ifdef HAVE_STRING_H
| # if !defined STDC_HEADERS && defined HAVE_MEMORY_H
| #  include <memory.h>
| # endif
| # include <string.h>
| #endif
| #ifdef HAVE_STRINGS_H
| # include <strings.h>
| #endif
| #ifdef HAVE_INTTYPES_H
| # include <inttypes.h>
| #endif
| #ifdef HAVE_STDINT_H
| # include <stdint.h>
| #endif
| #ifdef HAVE_UNISTD_H
| # include <unistd.h>
| #endif
| int
| main ()
| {
| if (sizeof ((mode_t)))
| 	    return 0;
|   ;
|   return 0;
| }
configure:4450: result: yes
configure:4461: checking for pid_t
configure:4461: gcc -c -g -O2  conftest.c >&5
configure:4461: $? = 0
configure:4461: gcc -c -g -O2  conftest.c >&5
conftest.c: In function 'main':
conftest.c:63:20: error: expected expression before ')' token
 if (sizeof ((pid_t)))
                    ^
configure:4461: $? = 1
configure: failed program was:
| /* confdefs.h */
| #define PACKAGE_NAME "4G-PIDAPP"
| #define PACKAGE_TARNAME "4g-pidapp"
| #define PACKAGE_VERSION "1.0"
| #define PACKAGE_STRING "4G-PIDAPP 1.0"
| #define PACKAGE_BUGREPORT ""
| #define PACKAGE_URL ""
| #define PACKAGE "4g-pidapp"
| #define VERSION "1.0"
| #define STDC_HEADERS 1
| #define HAVE_SYS_TYPES_H 1
| #define HAVE_SYS_STAT_H 1
| #define HAVE_STDLIB_H 1
| #define HAVE_STRING_H 1
| #define HAVE_MEMORY_H 1
| #define HAVE_STRINGS_H 1
| #define HAVE_INTTYPES_H 1
| #define HAVE_STDINT_H 1
| #define HAVE_UNISTD_H 1
| #define HAVE_FCNTL_H 1
| #define HAVE_STDLIB_H 1
| #define HAVE_STRING_H 1
| #define HAVE_TERMIOS_H 1
| #define HAVE_UNISTD_H 1
| #define HAVE__BOOL 1
| /* end confdefs.h.  */
| #include <stdio.h>
| #ifdef HAVE_SYS_TYPES_H
| # include <sys/types.h>
| #endif
| #ifdef HAVE_SYS_STAT_H
| # include <sys/stat.h>
| #endif
| #ifdef STDC_HEADERS
| # include <stdlib.h>
| # include <stddef.h>
| #else
| # ifdef HAVE_STDLIB_H
| #  include <stdlib.h>
| # endif
| #endif
| #ifdef HAVE_STRING_H
| # if !defined STDC_HEADERS && defined HAVE_MEMORY_H
| #  include <memory.h>
| # endif
| # include <string.h>
| #endif
| #ifdef HAVE_STRINGS_H
| # include <strings.h>
| #endif
| #ifdef HAVE_INTTYPES_H
| # include <inttypes.h>
| #endif
| #ifdef HAVE_STDINT_H
| # include <stdint.h>
| #endif
| #ifdef HAVE_UNISTD_H
| # include <unistd.h>
| #endif
| int
| main ()
| {
| if (sizeof ((pid_t)))
| 	    return 0;
|   ;
|   return 0;
| }
configure:4461: result: yes
configure:4476: checking vfork.h usability
configure:4476: gcc -c -g -O2  conftest.c >&5
conftest.c:60:19: fatal error: vfork.h: No such file or directory
compilation terminated.
configure:4476: $? = 1
configure: failed program was:
| /* confdefs.h */
| #define PACKAGE_NAME "4G-PIDAPP"
| #define PACKAGE_TARNAME "4g-pidapp"
| #define PACKAGE_VERSION "1.0"
| #define PACKAGE_STRING "4G-PIDAPP 1.0"
| #define PACKAGE_BUGREPORT ""
| #define PACKAGE_URL ""
| #define PACKAGE "4g-pidapp"
| #define VERSION "1.0"
| #define STDC_HEADERS 1
| #define HAVE_SYS_TYPES_H 1
| #define HAVE_SYS_STAT_H 1
| #define HAVE_STDLIB_H 1
| #define HAVE_STRING_H 1
| #define HAVE_MEMORY_H 1
| #define HAVE_STRINGS_H 1
| #define HAVE_INTTYPES_H 1
| #define HAVE_STDINT_H 1
| #define HAVE_UNISTD_H 1
| #define HAVE_FCNTL_H 1
| #define HAVE_STDLIB_H 1
| #define HAVE_STRING_H 1
| #define HAVE_TERMIOS_H 1
| #define HAVE_UNISTD_H 1
| #define HAVE__BOOL 1
| /* end confdefs.h.  */
| #include <stdio.h>
| #ifdef HAVE_SYS_TYPES_H
| # include <sys/types.h>
| #endif
| #ifdef HAVE_SYS_STAT_H
| # include <sys/stat.h>
| #endif
| #ifdef STDC_HEADERS
| # include <stdlib.h>
| # include <stddef.h>
| #else
| # ifdef HAVE_STDLIB_H
| #  include <stdlib.h>
| # endif
| #endif
| #ifdef HAVE_STRING_H
| # if !defined STDC_HEADERS && defined HAVE_MEMORY_H
| #  include <memory.h>
| # endif
| # include <string.h>
| #endif
| #ifdef HAVE_STRINGS_H
| # include <strings.h>
| #endif
| #ifdef HAVE_INTTYPES_H
| # include <inttypes.h>
| #endif
| #ifdef HAVE_STDINT_H
| # include <stdint.h>
| #endif
| #ifdef HAVE_UNISTD_H
| # include <unistd.h>
| #endif
| #include <vfork.h>
configure:4476: result: no
configure:4476: checking vfork.h presence
configure:4476: gcc -E  conftest.c
conftest.c:27:19: fatal error: vfork.h: No such file or directory
compilation terminated.
configure:4476: $? = 1
configure: failed program was:
| /* confdefs.h */
| #define PACKAGE_NAME "4G-PIDAPP"
| #define PACKAGE_TARNAME "4g-pidapp"
| #define PACKAGE_VERSION "1.0"
| #define PACKAGE_STRING "4G-PIDAPP 1.0"
| #define PACKAGE_BUGREPORT ""
| #define PACKAGE_URL ""
| #define PACKAGE "4g-pidapp"
| #define VERSION "1.0"
| #define STDC_HEADERS 1
| #define HAVE_SYS_TYPES_H 1
| #define HAVE_SYS_STAT_H 1
| #define HAVE_STDLIB_H 1
| #define HAVE_STRING_H 1
| #define HAVE_MEMORY_H 1
| #define HAVE_STRINGS_H 1
| #define HAVE_INTTYPES_H 1
| #define HAVE_STDINT_H 1
| #define HAVE_UNISTD_H 1
| #define HAVE_FCNTL_H 1
| #define HAVE_STDLIB_H 1
| #define HAVE_STRING_H 1
| #define HAVE_TERMIOS_H 1
| #define HAVE_UNISTD_H 1
| #define HAVE__BOOL 1
| /* end confdefs.h.  */
| #include <vfork.h>
configure:4476: result: no
configure:4476: checking for vfork.h
configure:4476: result: no
configure:4489: checking for fork
configure:4489: gcc -o conftest -g -O2   conftest.c  >&5
conftest.c:50:6: warning: conflicting types for built-in function 'fork'
 char fork ();
      ^
configure:4489: $? = 0
configure:4489: result: yes
configure:4489: checking for vfork
configure:4489: gcc -o conftest -g -O2   conftest.c  >&5
configure:4489: $? = 0
configure:4489: result: yes
configure:4499: checking for working fork
configure:4521: gcc -o conftest -g -O2   conftest.c  >&5
configure:4521: $? = 0
configure:4521: ./conftest
configure:4521: $? = 0
configure:4531: result: yes
configure:4552: checking for working vfork
configure:4662: result: yes
configure:4690: checking for memset
configure:4690: gcc -o conftest -g -O2   conftest.c  >&5
conftest.c:54:6: warning: conflicting types for built-in function 'memset'
 char memset ();
      ^
configure:4690: $? = 0
configure:4690: result: yes
configure:4690: checking for mkfifo
configure:4690: gcc -o conftest -g -O2   conftest.c  >&5
configure:4690: $? = 0
configure:4690: result: yes
configure:4690: checking for select
configure:4690: gcc -o conftest -g -O2   conftest.c  >&5
configure:4690: $? = 0
configure:4690: result: yes
configure:4847: checking that generated files are newer than configure
configure:4853: result: done
configure:4876: creating ./config.status

## ---------------------- ##
## Running config.status. ##
## ---------------------- ##

This file was extended by 4G-PIDAPP config.status 1.0, which was
generated by GNU Autoconf 2.69.  Invocation command line was

  CONFIG_FILES    = 
  CONFIG_HEADERS  = 
  CONFIG_LINKS    = 
  CONFIG_COMMANDS = 
  $ ./config.status 

on a123-VirtualBox

config.status:782: creating Makefile
config.status:782: creating RCS_Protocol/Makefile
config.status:782: creating Comm/Makefile
config.status:954: executing depfiles commands

## ---------------- ##
## Cache variables. ##
## ---------------- ##

ac_cv_c_compiler_gnu=yes
ac_cv_env_CC_set=
ac_cv_env_CC_value=
ac_cv_env_CFLAGS_set=
ac_cv_env_CFLAGS_value=
ac_cv_env_CPPFLAGS_set=
ac_cv_env_CPPFLAGS_value=
ac_cv_env_CPP_set=
ac_cv_env_CPP_value=
ac_cv_env_LDFLAGS_set=
ac_cv_env_LDFLAGS_value=
ac_cv_env_LIBS_set=
ac_cv_env_LIBS_value=
ac_cv_env_build_alias_set=
ac_cv_env_build_alias_value=
ac_cv_env_host_alias_set=
ac_cv_env_host_alias_value=
ac_cv_env_target_alias_set=
ac_cv_env_target_alias_value=
ac_cv_func_fork=yes
ac_cv_func_fork_works=yes
ac_cv_func_memset=yes
ac_cv_func_mkfifo=yes
ac_cv_func_select=yes
ac_cv_func_vfork=yes
ac_cv_func_vfork_works=yes
ac_cv_header_fcntl_h=yes
ac_cv_header_inttypes_h=yes
ac_cv_header_memory_h=yes
ac_cv_header_stdbool_h=yes
ac_cv_header_stdc=yes
ac_cv_header_stdint_h=yes
ac_cv_header_stdlib_h=yes
ac_cv_header_string_h=yes
ac_cv_header_strings_h=yes
ac_cv_header_sys_stat_h=yes
ac_cv_header_sys_types_h=yes
ac_cv_header_termios_h=yes
ac_cv_header_unistd_h=yes
ac_cv_header_vfork_h=no
ac_cv_objext=o
ac_cv_path_EGREP='/bin/grep -E'
ac_cv_path_GREP=/bin/grep
ac_cv_path_install='/usr/bin/install -c'
ac_cv_path_mkdir=/bin/mkdir
ac_cv_prog_AWK=mawk
ac_cv_prog_CPP='gcc -E'
ac_cv_prog_ac_ct_CC=gcc
ac_cv_prog_ac_ct_RANLIB=ranlib
ac_cv_prog_cc_c89=
ac_cv_prog_cc_g=yes
ac_cv_prog_make_make_set=yes
ac_cv_type__Bool=yes
ac_cv_type_mode_t=yes
ac_cv_type_pid_t=yes
am_cv_CC_dependencies_compiler_type=gcc3
am_cv_make_support_nested_variables=yes
am_cv_prog_cc_c_o=yes

## ----------------- ##
## Output variables. ##
## ----------------- ##

ACLOCAL='${SHELL} /home/a123/4GPIDAPP/UART/missing aclocal-1.15'
AMDEPBACKSLASH='\'
AMDEP_FALSE='#'
AMDEP_TRUE=''
AMTAR='$${TAR-tar}'
AM_BACKSLASH='\'
AM_DEFAULT_V='$(AM_DEFAULT_VERBOSITY)'
AM_DEFAULT_VERBOSITY='1'
AM_V='$(V)'
AUTOCONF='${SHELL} /home/a123/4GPIDAPP/UART/missing autoconf'
AUTOHEADER='${SHELL} /home/a123/4GPIDAPP/UART/missing autoheader'
AUTOMAKE='${SHELL} /home/a123/4GPIDAPP/UART/missing automake-1.15'
AWK='mawk'
CC='gcc'
CCDEPMODE='depmode=gcc3'
CFLAGS='-g -O2'
CPP='gcc -E'
CPPFLAGS=''
CYGPATH_W='echo'
DEFS='-DPACKAGE_NAME=\"4G-PIDAPP\" -DPACKAGE_TARNAME=\"4g-pidapp\" -DPACKAGE_VERSION=\"1.0\" -DPACKAGE_STRING=\"4G-PIDAPP\ 1.0\" -DPACKAGE_BUGREPORT=\"\" -DPACKAGE_URL=\"\" -DPACKAGE=\"4g-pidapp\" -DVERSION=\"1.0\" -DSTDC_HEADERS=1 -DHAVE_SYS_TYPES_H=1 -DHAVE_SYS_STAT_H=1 -DHAVE_STDLIB_H=1 -DHAVE_STRING_H=1 -DHAVE_MEMORY_H=1 -DHAVE_STRINGS_H=1 -DHAVE_INTTYPES_H=1 -DHAVE_STDINT_H=1 -DHAVE_UNISTD_H=1 -DHAVE_FCNTL_H=1 -DHAVE_STDLIB_H=1 -DHAVE_STRING_H=1 -DHAVE_TERMIOS_H=1 -DHAVE_UNISTD_H=1 -DHAVE__BOOL=1 -DHAVE_FORK=1 -DHAVE_VFORK=1 -DHAVE_WORKING_VFORK=1 -DHAVE_WORKING_FORK=1 -DHAVE_MEMSET=1 -DHAVE_MKFIFO=1 -DHAVE_SELECT=1'
DEPDIR='.deps'
ECHO_C=''
ECHO_N='-n'
ECHO_T=''
EGREP='/bin/grep -E'
EXEEXT=''
GREP='/bin/grep'
INSTALL_DATA='${INSTALL} -m 644'
INSTALL_PROGRAM='${INSTALL}'
INSTALL_SCRIPT='${INSTALL}'
INSTALL_STRIP_PROGRAM='$(install_sh) -c -s'
LDFLAGS=''
LIBOBJS=''
LIBS=''
LTLIBOBJS=''
MAKEINFO='${SHELL} /home/a123/4GPIDAPP/UART/missing makeinfo'
MKDIR_P='/bin/mkdir -p'
OBJEXT='o'
PACKAGE='4g-pidapp'
PACKAGE_BUGREPORT=''
PACKAGE_NAME='4G-PIDAPP'
PACKAGE_STRING='4G-PIDAPP 1.0'
PACKAGE_TARNAME='4g-pidapp'
PACKAGE_URL=''
PACKAGE_VERSION='1.0'
PATH_SEPARATOR=':'
RANLIB='ranlib'
SET_MAKE=''
SHELL='/bin/bash'
STRIP=''
VERSION='1.0'
ac_ct_CC='gcc'
am__EXEEXT_FALSE=''
am__EXEEXT_TRUE='#'
am__fastdepCC_FALSE='#'
am__fastdepCC_TRUE=''
am__include='include'
am__isrc=''
am__leading_dot='.'
am__nodep='_no'
am__quote=''
am__tar='$${TAR-tar} chof - "$$tardir"'
am__untar='$${TAR-tar} xf -'
bindir='${exec_prefix}/bin'
build_alias=''
datadir='${datarootdir}'
datarootdir='${prefix}/share'
docdir='${datarootdir}/doc/${PACKAGE_TARNAME}'
dvidir='${docdir}'
exec_prefix='${prefix}'
host_alias=''
htmldir='${docdir}'
includedir='${prefix}/include'
infodir='${datarootdir}/info'
install_sh='${SHELL} /home/a123/4GPIDAPP/UART/install-sh'
libdir='${exec_prefix}/lib'
libexecdir='${exec_prefix}/libexec'
localedir='${datarootdir}/locale'
localstatedir='${prefix}/var'
mandir='${datarootdir}/man'
mkdir_p='$(MKDIR_P)'
oldincludedir='/usr/include'
pdfdir='${docdir}'
prefix='/usr/local'
program_transform_name='s,x,x,'
psdir='${docdir}'
runstatedir='${localstatedir}/run'
sbindir='${exec_prefix}/sbin'
sharedstatedir='${prefix}/com'
sysconfdir='${prefix}/etc'
target_alias=''

## ----------- ##
## confdefs.h. ##
## ----------- ##

/* confdefs.h */
#define PACKAGE_NAME "4G-PIDAPP"
#define PACKAGE_TARNAME "4g-pidapp"
#define PACKAGE_VERSION "1.0"
#define PACKAGE_STRING "4G-PIDAPP 1.0"
#define PACKAGE_BUGREPORT ""
#define PACKAGE_URL ""
#define PACKAGE "4g-pidapp"
#define VERSION "1.0"
#define STDC_HEADERS 1
#define HAVE_SYS_TYPES_H 1
#define HAVE_SYS_STAT_H 1
#define HAVE_STDLIB_H 1
#define HAVE_STRING_H 1
#define HAVE_MEMORY_H 1
#define HAVE_STRINGS_H 1
#define HAVE_INTTYPES_H 1
#define HAVE_STDINT_H 1
#define HAVE_UNISTD_H 1
#define HAVE_FCNTL_H 1
#define HAVE_STDLIB_H 1
#define HAVE_STRING_H 1
#define HAVE_TERMIOS_H 1
#define HAVE_UNISTD_H 1
#define HAVE__BOOL 1
#define HAVE_FORK 1
#define HAVE_VFORK 1
#define HAVE_WORKING_VFORK 1
#define HAVE_WORKING_FORK 1
#define HAVE_MEMSET 1
#define HAVE_MKFIFO 1
#define HAVE_SELECT 1

configure: exit 0
